<?xml version="1.0" encoding="UTF-8"?>
<testng-results ignored="0" total="1" passed="1" failed="0" skipped="0">
  <reporter-output>
  </reporter-output>
  <suite started-at="2022-11-03T21:41:50 IST" name="Default suite" finished-at="2022-11-03T21:41:54 IST" duration-ms="3975">
    <groups>
    </groups>
    <test started-at="2022-11-03T21:41:50 IST" name="Default test" finished-at="2022-11-03T21:41:54 IST" duration-ms="3975">
      <class name="TestCases.verifylogin">
        <test-method signature="login()[pri:0, instance:TestCases.verifylogin@2145b572]" started-at="2022-11-03T21:41:50 IST" name="login" finished-at="2022-11-03T21:41:54 IST" duration-ms="3915" status="PASS">
          <reporter-output>
          </reporter-output>
        </test-method> <!-- login -->
      </class> <!-- TestCases.verifylogin -->
    </test> <!-- Default test -->
  </suite> <!-- Default suite -->
</testng-results>
